Using pre-set license
Built from '2020.3/staging' branch; Version is '2020.3.10f1 (297d780c91bc) revision 2719096'; Using compiler version '192528614'; Build Type 'Release'
OS: 'Windows 10 Pro; OS build 19042.985; Version 2009; 64bit' Language: 'ru' Physical Memory: 16335 MB
BatchMode: 1, IsHumanControllingUs: 0, StartBugReporterOnCrash: 0, Is64bit: 1, IsPro: 0

 COMMAND LINE ARGUMENTS:
C:\Program Files\2020.3.10f1\Editor\Unity.exe
-adb2
-batchMode
-noUpm
-name
AssetImportWorker0
-projectPath
D:/Projects/Unity/Projects/RanobeFox
-logFile
Logs/AssetImportWorker0.log
-srvPort
53664
Successfully changed project path to: D:/Projects/Unity/Projects/RanobeFox
D:/Projects/Unity/Projects/RanobeFox
Using Asset Import Pipeline V2.
Refreshing native plugins compatible for Editor in 58.73 ms, found 2 plugins.
Preloading 0 native plugins for Editor in 0.00 ms.
Initialize engine version: 2020.3.10f1 (297d780c91bc)
[Subsystems] Discovering subsystems at path C:/Program Files/2020.3.10f1/Editor/Data/Resources/UnitySubsystems
[Subsystems] Discovering subsystems at path D:/Projects/Unity/Projects/RanobeFox/Assets
GfxDevice: creating device client; threaded=0
Direct3D:
    Version:  Direct3D 11.0 [level 11.1]
    Renderer: NVIDIA GeForce GTX 1660 Ti (ID=0x2182)
    Vendor:   
    VRAM:     5991 MB
    Driver:   27.21.14.5671
Initialize mono
Mono path[0] = 'C:/Program Files/2020.3.10f1/Editor/Data/Managed'
Mono path[1] = 'C:/Program Files/2020.3.10f1/Editor/Data/MonoBleedingEdge/lib/mono/unityjit'
Mono config path = 'C:/Program Files/2020.3.10f1/Editor/Data/MonoBleedingEdge/etc'
Using monoOptions --debugger-agent=transport=dt_socket,embedding=1,server=y,suspend=n,address=127.0.0.1:56680
Begin MonoManager ReloadAssembly
Registering precompiled unity dll's ...
Register platform support module: C:/Program Files/2020.3.10f1/Editor/Data/PlaybackEngines/WindowsStandaloneSupport/UnityEditor.WindowsStandalone.Extensions.dll
Registered in 0.035112 seconds.
Native extension for WindowsStandalone target not found
Refreshing native plugins compatible for Editor in 250.50 ms, found 2 plugins.
Preloading 0 native plugins for Editor in 0.00 ms.
Mono: successfully reloaded assembly
- Completed reload, in 11.411 seconds
Platform modules already initialized, skipping
Registering precompiled user dll's ...
Registered in 0.277207 seconds.
Begin MonoManager ReloadAssembly
Native extension for WindowsStandalone target not found
Refreshing native plugins compatible for Editor in 0.43 ms, found 2 plugins.
Preloading 0 native plugins for Editor in 0.00 ms.
Mono: successfully reloaded assembly
- Completed reload, in  4.405 seconds
Platform modules already initialized, skipping
========================================================================
Worker process is ready to serve import requests
Launched and connected shader compiler UnityShaderCompiler.exe after 0.09 seconds
Refreshing native plugins compatible for Editor in 0.39 ms, found 2 plugins.
Preloading 0 native plugins for Editor in 0.00 ms.
Unloading 1450 Unused Serialized files (Serialized files now loaded: 0)
System memory in use before: 68.1 MB.
System memory in use after: 68.2 MB.

Unloading 18 unused Assets to reduce memory usage. Loaded Objects now: 1884.
Total: 22.918000 ms (FindLiveObjects: 0.206300 ms CreateObjectMapping: 0.044200 ms MarkObjects: 22.572000 ms  DeleteObjects: 0.093300 ms)

========================================================================
Received Import Request.
  path: Assets/Resources
  artifactKey: Guid(7ca632de3057a354ba6d51147e4fe076) Importer(815301076,1909f56bfc062723c751e8b465ee728b)
Start importing Assets/Resources using Guid(7ca632de3057a354ba6d51147e4fe076) Importer(815301076,1909f56bfc062723c751e8b465ee728b)  -> (artifact id: '210b60d3f69a4aa7d1f271d830720d09') in 0.013291 seconds
  Import took 0.016699 seconds .

========================================================================
Received Import Request.
  Time since last request: 0.000342 seconds.
  path: Assets/TextMesh Pro
  artifactKey: Guid(f54d1bd14bd3ca042bd867b519fee8cc) Importer(815301076,1909f56bfc062723c751e8b465ee728b)
Start importing Assets/TextMesh Pro using Guid(f54d1bd14bd3ca042bd867b519fee8cc) Importer(815301076,1909f56bfc062723c751e8b465ee728b)  -> (artifact id: '16b4cbde9565bf190136f1148817e1ea') in 0.038749 seconds
  Import took 0.051356 seconds .

========================================================================
Received Import Request.
  Time since last request: 0.000122 seconds.
  path: Assets/Resources/bookmark-outline.png
  artifactKey: Guid(1ce5e2a13c4292c438962e3fd0092504) Importer(815301076,1909f56bfc062723c751e8b465ee728b)
Start importing Assets/Resources/bookmark-outline.png using Guid(1ce5e2a13c4292c438962e3fd0092504) Importer(815301076,1909f56bfc062723c751e8b465ee728b)  -> (artifact id: '7107970f329f1cea4058e34768ceb8f9') in 0.444400 seconds
  Import took 0.452787 seconds .

========================================================================
Received Import Request.
  Time since last request: 0.000264 seconds.
  path: Assets/Resources/icon.jpg
  artifactKey: Guid(13b28ef9a0d285c4b8f4b4df9883c720) Importer(815301076,1909f56bfc062723c751e8b465ee728b)
Start importing Assets/Resources/icon.jpg using Guid(13b28ef9a0d285c4b8f4b4df9883c720) Importer(815301076,1909f56bfc062723c751e8b465ee728b)  -> (artifact id: '4d626c36be4a86106cb5436f6a39d77b') in 0.085790 seconds
  Import took 0.089400 seconds .

========================================================================
Received Import Request.
  Time since last request: 0.000296 seconds.
  path: Assets/Resources/android009.png
  artifactKey: Guid(98f6904817749ec478b803f635a59662) Importer(815301076,1909f56bfc062723c751e8b465ee728b)
Start importing Assets/Resources/android009.png using Guid(98f6904817749ec478b803f635a59662) Importer(815301076,1909f56bfc062723c751e8b465ee728b)  -> (artifact id: '2d70fc881e03937cb36f9ea88305483e') in 0.531546 seconds
  Import took 0.559757 seconds .

========================================================================
Received Import Request.
  Time since last request: 0.000245 seconds.
  path: Assets/Resources/bookmark-ribbon.png
  artifactKey: Guid(1263812c9653cdf4a814ff99a8172141) Importer(815301076,1909f56bfc062723c751e8b465ee728b)
Start importing Assets/Resources/bookmark-ribbon.png using Guid(1263812c9653cdf4a814ff99a8172141) Importer(815301076,1909f56bfc062723c751e8b465ee728b)  -> (artifact id: '7b319a383b221f012610717ca3c402a1') in 0.075358 seconds
  Import took 0.080745 seconds .

========================================================================
Received Import Request.
  Time since last request: 0.000441 seconds.
  path: Assets/Scripts
  artifactKey: Guid(421fb8c3bccd8ab449798a1a2992fc24) Importer(815301076,1909f56bfc062723c751e8b465ee728b)
Start importing Assets/Scripts using Guid(421fb8c3bccd8ab449798a1a2992fc24) Importer(815301076,1909f56bfc062723c751e8b465ee728b)  -> (artifact id: 'df22dea0cad28532891eeb3e7928463c') in 0.033259 seconds
  Import took 0.038844 seconds .

========================================================================
Received Import Request.
  Time since last request: 0.952313 seconds.
  path: Assets/Scripts/Controllers
  artifactKey: Guid(0eb36e825b812124e8ba660c6f1f6521) Importer(815301076,1909f56bfc062723c751e8b465ee728b)
Start importing Assets/Scripts/Controllers using Guid(0eb36e825b812124e8ba660c6f1f6521) Importer(815301076,1909f56bfc062723c751e8b465ee728b)  -> (artifact id: 'b57bb69a66c52c2c3a100462968f9e48') in 0.021293 seconds
  Import took 0.042765 seconds .

========================================================================
Received Import Request.
  Time since last request: 3.469396 seconds.
  path: Assets/Scripts/Controllers/StoryController.cs
  artifactKey: Guid(c587e3050c40d8f4492288ff50fd2abb) Importer(815301076,1909f56bfc062723c751e8b465ee728b)
Start importing Assets/Scripts/Controllers/StoryController.cs using Guid(c587e3050c40d8f4492288ff50fd2abb) Importer(815301076,1909f56bfc062723c751e8b465ee728b)  -> (artifact id: 'e96762df92b4a374df6da8154b217382') in 0.624848 seconds
  Import took 0.692563 seconds .

========================================================================
Received Import Request.
  Time since last request: 395.563003 seconds.
  path: Assets/Scenes/CreateBookScene.unity
  artifactKey: Guid(11bb840f461897e4b952ca7b91bc75e1) Importer(815301076,1909f56bfc062723c751e8b465ee728b)
Start importing Assets/Scenes/CreateBookScene.unity using Guid(11bb840f461897e4b952ca7b91bc75e1) Importer(815301076,1909f56bfc062723c751e8b465ee728b)  -> (artifact id: 'a8ec0186cd697ab20bb44b89195bc1ae') in 0.015753 seconds
  Import took 0.018912 seconds .

========================================================================
Received Import Request.
  Time since last request: 0.277944 seconds.
  path: Assets/Scenes/CreateChapterScene.unity
  artifactKey: Guid(963243e2b6e18494cb1e952d91a069e2) Importer(815301076,1909f56bfc062723c751e8b465ee728b)
Start importing Assets/Scenes/CreateChapterScene.unity using Guid(963243e2b6e18494cb1e952d91a069e2) Importer(815301076,1909f56bfc062723c751e8b465ee728b)  -> (artifact id: '2b143e94f82867e46409ed9dee3f3ef0') in 0.014763 seconds
  Import took 0.020639 seconds .

========================================================================
Received Import Request.
  Time since last request: 0.376702 seconds.
  path: Assets/Scenes/MainScene.unity
  artifactKey: Guid(14fd4419cdddc304887a56595b4f5b53) Importer(815301076,1909f56bfc062723c751e8b465ee728b)
Start importing Assets/Scenes/MainScene.unity using Guid(14fd4419cdddc304887a56595b4f5b53) Importer(815301076,1909f56bfc062723c751e8b465ee728b)  -> (artifact id: 'c282976098e31e7f352452166043235e') in 0.014207 seconds
  Import took 0.017363 seconds .

========================================================================
Received Prepare
Registering precompiled user dll's ...
Registered in 0.008980 seconds.
Begin MonoManager ReloadAssembly
Native extension for WindowsStandalone target not found
Refreshing native plugins compatible for Editor in 0.38 ms, found 2 plugins.
Preloading 0 native plugins for Editor in 0.00 ms.
Mono: successfully reloaded assembly
- Completed reload, in  1.439 seconds
Platform modules already initialized, skipping
Switching build target platform(19) subTarget(0) extendedPlatform(0) -> platform(13) subTarget(589824) extendedPlatform(0)
Refreshing native plugins compatible for Editor in 0.38 ms, found 2 plugins.
Preloading 0 native plugins for Editor in 0.00 ms.
Unloading 1434 Unused Serialized files (Serialized files now loaded: 0)
System memory in use before: 69.8 MB.
System memory in use after: 69.9 MB.

Unloading 13 unused Assets to reduce memory usage. Loaded Objects now: 1898.
Total: 2.840900 ms (FindLiveObjects: 0.205000 ms CreateObjectMapping: 0.042300 ms MarkObjects: 2.479700 ms  DeleteObjects: 0.112400 ms)

AssetImportParameters requested are different than current active one (requested -> active):
  custom:graphics/normal-map-encoding: 01000000000000000000000000000000 -> 02000000000000000000000000000000
========================================================================
Received Import Request.
  Time since last request: 6871.216889 seconds.
  path: Assets/Scenes/BookScene.unity
  artifactKey: Guid(9fcee2c4ffb35bc48a6f43e9631313ac) Importer(815301076,1909f56bfc062723c751e8b465ee728b)
Start importing Assets/Scenes/BookScene.unity using Guid(9fcee2c4ffb35bc48a6f43e9631313ac) Importer(815301076,1909f56bfc062723c751e8b465ee728b)  -> (artifact id: '287ccff6c77aa4a33285649d179d6d9a') in 0.037066 seconds
  Import took 0.042318 seconds .

========================================================================
Received Prepare
Registering precompiled user dll's ...
Registered in 0.003789 seconds.
Begin MonoManager ReloadAssembly
Native extension for WindowsStandalone target not found
Refreshing native plugins compatible for Editor in 0.47 ms, found 2 plugins.
Preloading 0 native plugins for Editor in 0.00 ms.
Mono: successfully reloaded assembly
- Completed reload, in  1.732 seconds
Platform modules already initialized, skipping
Switching build target platform(19) subTarget(0) extendedPlatform(0) -> platform(13) subTarget(589824) extendedPlatform(0)
Refreshing native plugins compatible for Editor in 0.47 ms, found 2 plugins.
Preloading 0 native plugins for Editor in 0.00 ms.
Unloading 1434 Unused Serialized files (Serialized files now loaded: 0)
System memory in use before: 69.8 MB.
System memory in use after: 69.9 MB.

Unloading 13 unused Assets to reduce memory usage. Loaded Objects now: 1901.
Total: 2.381600 ms (FindLiveObjects: 0.194000 ms CreateObjectMapping: 0.042500 ms MarkObjects: 2.119200 ms  DeleteObjects: 0.023900 ms)

AssetImportParameters requested are different than current active one (requested -> active):
  custom:graphics/normal-map-encoding: 01000000000000000000000000000000 -> 02000000000000000000000000000000
========================================================================
Received Prepare
Registering precompiled user dll's ...
Registered in 0.003681 seconds.
Begin MonoManager ReloadAssembly
Native extension for WindowsStandalone target not found
Refreshing native plugins compatible for Editor in 0.42 ms, found 2 plugins.
Preloading 0 native plugins for Editor in 0.00 ms.
Mono: successfully reloaded assembly
- Completed reload, in  1.880 seconds
Platform modules already initialized, skipping
Switching build target platform(19) subTarget(0) extendedPlatform(0) -> platform(13) subTarget(589824) extendedPlatform(0)
Refreshing native plugins compatible for Editor in 0.38 ms, found 2 plugins.
Preloading 0 native plugins for Editor in 0.00 ms.
Unloading 1434 Unused Serialized files (Serialized files now loaded: 0)
System memory in use before: 69.8 MB.
System memory in use after: 70.0 MB.

Unloading 13 unused Assets to reduce memory usage. Loaded Objects now: 1904.
Total: 3.068600 ms (FindLiveObjects: 0.207500 ms CreateObjectMapping: 0.050600 ms MarkObjects: 2.785500 ms  DeleteObjects: 0.023000 ms)

AssetImportParameters requested are different than current active one (requested -> active):
  custom:graphics/normal-map-encoding: 01000000000000000000000000000000 -> 02000000000000000000000000000000
========================================================================
Received Import Request.
  Time since last request: 1564.944239 seconds.
  path: Assets/Scenes/BookScene.unity
  artifactKey: Guid(9fcee2c4ffb35bc48a6f43e9631313ac) Importer(815301076,1909f56bfc062723c751e8b465ee728b)
Start importing Assets/Scenes/BookScene.unity using Guid(9fcee2c4ffb35bc48a6f43e9631313ac) Importer(815301076,1909f56bfc062723c751e8b465ee728b)  -> (artifact id: '8a853ca8a84135ba6867d2cf2d175617') in 0.037048 seconds
  Import took 0.040560 seconds .

========================================================================
Received Import Request.
  Time since last request: 8.201497 seconds.
  path: Assets/Scenes/CatalogScene.unity
  artifactKey: Guid(160e584022d5c5e4fa0a45d4e78c6404) Importer(815301076,1909f56bfc062723c751e8b465ee728b)
Start importing Assets/Scenes/CatalogScene.unity using Guid(160e584022d5c5e4fa0a45d4e78c6404) Importer(815301076,1909f56bfc062723c751e8b465ee728b)  -> (artifact id: '3df8887d5deb4ee3dc1f55ccb4f9ba97') in 0.026080 seconds
  Import took 0.031255 seconds .

========================================================================
Received Prepare
Registering precompiled user dll's ...
Registered in 0.005265 seconds.
Begin MonoManager ReloadAssembly
Native extension for WindowsStandalone target not found
Refreshing native plugins compatible for Editor in 0.41 ms, found 2 plugins.
Preloading 0 native plugins for Editor in 0.00 ms.
Mono: successfully reloaded assembly
- Completed reload, in  1.791 seconds
Platform modules already initialized, skipping
Switching build target platform(19) subTarget(0) extendedPlatform(0) -> platform(13) subTarget(589824) extendedPlatform(0)
Refreshing native plugins compatible for Editor in 0.37 ms, found 2 plugins.
Preloading 0 native plugins for Editor in 0.00 ms.
Unloading 1434 Unused Serialized files (Serialized files now loaded: 0)
System memory in use before: 69.9 MB.
System memory in use after: 70.0 MB.

Unloading 13 unused Assets to reduce memory usage. Loaded Objects now: 1907.
Total: 2.338600 ms (FindLiveObjects: 0.190600 ms CreateObjectMapping: 0.045300 ms MarkObjects: 2.079700 ms  DeleteObjects: 0.021700 ms)

AssetImportParameters requested are different than current active one (requested -> active):
  custom:graphics/normal-map-encoding: 01000000000000000000000000000000 -> 02000000000000000000000000000000
========================================================================
Received Import Request.
  Time since last request: 565.012238 seconds.
  path: Assets/Scenes/ChapterScene.unity
  artifactKey: Guid(4b82f2895749a744c8731b4adc6d65ff) Importer(815301076,1909f56bfc062723c751e8b465ee728b)
Start importing Assets/Scenes/ChapterScene.unity using Guid(4b82f2895749a744c8731b4adc6d65ff) Importer(815301076,1909f56bfc062723c751e8b465ee728b)  -> (artifact id: '12a2b26f8609ece8c987be25bd4966a0') in 0.032350 seconds
  Import took 0.040165 seconds .

========================================================================
Received Import Request.
  Time since last request: 76.518182 seconds.
  path: Assets/Scenes/MyLibScene.unity
  artifactKey: Guid(1b2aa407cbbe38b48978143047553820) Importer(815301076,1909f56bfc062723c751e8b465ee728b)
Start importing Assets/Scenes/MyLibScene.unity using Guid(1b2aa407cbbe38b48978143047553820) Importer(815301076,1909f56bfc062723c751e8b465ee728b)  -> (artifact id: '0978e13874312e3cadab3a9cba5e2528') in 0.016910 seconds
  Import took 0.022905 seconds .

========================================================================
Received Import Request.
  Time since last request: 84.176604 seconds.
  path: Assets/Scenes/CatalogScene.unity
  artifactKey: Guid(160e584022d5c5e4fa0a45d4e78c6404) Importer(815301076,1909f56bfc062723c751e8b465ee728b)
Start importing Assets/Scenes/CatalogScene.unity using Guid(160e584022d5c5e4fa0a45d4e78c6404) Importer(815301076,1909f56bfc062723c751e8b465ee728b)  -> (artifact id: '4cf64369df00ec0abd186d18d89f5c71') in 0.015977 seconds
  Import took 0.019539 seconds .

========================================================================
Received Prepare
Registering precompiled user dll's ...
Registered in 0.009161 seconds.
Begin MonoManager ReloadAssembly
Native extension for WindowsStandalone target not found
Refreshing native plugins compatible for Editor in 0.39 ms, found 2 plugins.
Preloading 0 native plugins for Editor in 0.00 ms.
Mono: successfully reloaded assembly
- Completed reload, in  1.859 seconds
Platform modules already initialized, skipping
Switching build target platform(19) subTarget(0) extendedPlatform(0) -> platform(13) subTarget(589824) extendedPlatform(0)
Refreshing native plugins compatible for Editor in 0.37 ms, found 2 plugins.
Preloading 0 native plugins for Editor in 0.00 ms.
Unloading 1434 Unused Serialized files (Serialized files now loaded: 0)
System memory in use before: 69.9 MB.
System memory in use after: 70.0 MB.

Unloading 13 unused Assets to reduce memory usage. Loaded Objects now: 1910.
Total: 2.302500 ms (FindLiveObjects: 0.192500 ms CreateObjectMapping: 0.043600 ms MarkObjects: 2.007600 ms  DeleteObjects: 0.057800 ms)

AssetImportParameters requested are different than current active one (requested -> active):
  custom:graphics/normal-map-encoding: 01000000000000000000000000000000 -> 02000000000000000000000000000000
========================================================================
Received Import Request.
  Time since last request: 201.634831 seconds.
  path: Assets/Scenes/CatalogScene.unity
  artifactKey: Guid(160e584022d5c5e4fa0a45d4e78c6404) Importer(815301076,1909f56bfc062723c751e8b465ee728b)
Start importing Assets/Scenes/CatalogScene.unity using Guid(160e584022d5c5e4fa0a45d4e78c6404) Importer(815301076,1909f56bfc062723c751e8b465ee728b)  -> (artifact id: 'a6e46eb01e270ed7dd2e3dc32b2f7b49') in 0.037151 seconds
  Import took 0.040841 seconds .

========================================================================
Received Prepare
Registering precompiled user dll's ...
Registered in 0.005068 seconds.
Begin MonoManager ReloadAssembly
Native extension for WindowsStandalone target not found
Refreshing native plugins compatible for Editor in 0.43 ms, found 2 plugins.
Preloading 0 native plugins for Editor in 0.00 ms.
Mono: successfully reloaded assembly
- Completed reload, in  1.922 seconds
Platform modules already initialized, skipping
Switching build target platform(19) subTarget(0) extendedPlatform(0) -> platform(13) subTarget(589824) extendedPlatform(0)
Refreshing native plugins compatible for Editor in 0.39 ms, found 2 plugins.
Preloading 0 native plugins for Editor in 0.00 ms.
Unloading 1434 Unused Serialized files (Serialized files now loaded: 0)
System memory in use before: 69.9 MB.
System memory in use after: 70.0 MB.

Unloading 13 unused Assets to reduce memory usage. Loaded Objects now: 1913.
Total: 2.327700 ms (FindLiveObjects: 0.197200 ms CreateObjectMapping: 0.043700 ms MarkObjects: 2.062900 ms  DeleteObjects: 0.022500 ms)

AssetImportParameters requested are different than current active one (requested -> active):
  custom:graphics/normal-map-encoding: 01000000000000000000000000000000 -> 02000000000000000000000000000000
========================================================================
Received Prepare
Registering precompiled user dll's ...
Registered in 0.003778 seconds.
Begin MonoManager ReloadAssembly
Native extension for WindowsStandalone target not found
Refreshing native plugins compatible for Editor in 0.45 ms, found 2 plugins.
Preloading 0 native plugins for Editor in 0.00 ms.
Mono: successfully reloaded assembly
- Completed reload, in  1.843 seconds
Platform modules already initialized, skipping
Switching build target platform(19) subTarget(0) extendedPlatform(0) -> platform(13) subTarget(589824) extendedPlatform(0)
Refreshing native plugins compatible for Editor in 0.38 ms, found 2 plugins.
Preloading 0 native plugins for Editor in 0.00 ms.
Unloading 1434 Unused Serialized files (Serialized files now loaded: 0)
System memory in use before: 69.9 MB.
System memory in use after: 70.0 MB.

Unloading 13 unused Assets to reduce memory usage. Loaded Objects now: 1916.
Total: 2.395900 ms (FindLiveObjects: 0.188700 ms CreateObjectMapping: 0.043800 ms MarkObjects: 2.140900 ms  DeleteObjects: 0.021400 ms)

AssetImportParameters requested are different than current active one (requested -> active):
  custom:graphics/normal-map-encoding: 01000000000000000000000000000000 -> 02000000000000000000000000000000
========================================================================
Received Prepare
Registering precompiled user dll's ...
Registered in 0.003468 seconds.
Begin MonoManager ReloadAssembly
Native extension for WindowsStandalone target not found
Refreshing native plugins compatible for Editor in 0.39 ms, found 2 plugins.
Preloading 0 native plugins for Editor in 0.00 ms.
Mono: successfully reloaded assembly
- Completed reload, in  1.810 seconds
Platform modules already initialized, skipping
Switching build target platform(19) subTarget(0) extendedPlatform(0) -> platform(13) subTarget(589824) extendedPlatform(0)
Refreshing native plugins compatible for Editor in 0.37 ms, found 2 plugins.
Preloading 0 native plugins for Editor in 0.00 ms.
Unloading 1434 Unused Serialized files (Serialized files now loaded: 0)
System memory in use before: 69.9 MB.
System memory in use after: 70.0 MB.

Unloading 13 unused Assets to reduce memory usage. Loaded Objects now: 1919.
Total: 2.320000 ms (FindLiveObjects: 0.197700 ms CreateObjectMapping: 0.044100 ms MarkObjects: 2.054400 ms  DeleteObjects: 0.022300 ms)

AssetImportParameters requested are different than current active one (requested -> active):
  custom:graphics/normal-map-encoding: 01000000000000000000000000000000 -> 02000000000000000000000000000000
========================================================================
Received Import Request.
  Time since last request: 1653.561568 seconds.
  path: Assets/Prefabs
  artifactKey: Guid(f0d86984bac7aaf4ab183b1982843b72) Importer(815301076,1909f56bfc062723c751e8b465ee728b)
Start importing Assets/Prefabs using Guid(f0d86984bac7aaf4ab183b1982843b72) Importer(815301076,1909f56bfc062723c751e8b465ee728b)  -> (artifact id: 'ed38323e8f5ac29a74c8a18629916fff') in 0.041983 seconds
  Import took 0.050305 seconds .

========================================================================
Received Import Request.
  Time since last request: 0.047215 seconds.
  path: Assets/Prefabs/ButtonBook.prefab
  artifactKey: Guid(a333aec56b0a9554aacb353c05e2205b) Importer(815301076,1909f56bfc062723c751e8b465ee728b)
Start importing Assets/Prefabs/ButtonBook.prefab using Guid(a333aec56b0a9554aacb353c05e2205b) Importer(815301076,1909f56bfc062723c751e8b465ee728b)  -> (artifact id: 'b8ad950976010658fa31513ccc41b2e3') in 0.080101 seconds
  Import took 0.083719 seconds .

========================================================================
Received Import Request.
  Time since last request: 0.000267 seconds.
  path: Assets/Prefabs/Mark.prefab
  artifactKey: Guid(8a7eefd2fd4d3e642bf0cc233a188799) Importer(815301076,1909f56bfc062723c751e8b465ee728b)
Start importing Assets/Prefabs/Mark.prefab using Guid(8a7eefd2fd4d3e642bf0cc233a188799) Importer(815301076,1909f56bfc062723c751e8b465ee728b)  -> (artifact id: '19f0f266e48a8b16e1374b970462a4f1') in 0.052314 seconds
  Import took 0.056671 seconds .

========================================================================
Received Import Request.
  Time since last request: 0.000267 seconds.
  path: Assets/Prefabs/Chapter.prefab
  artifactKey: Guid(6d8190dee627f9f4a85602d23f925046) Importer(815301076,1909f56bfc062723c751e8b465ee728b)
Start importing Assets/Prefabs/Chapter.prefab using Guid(6d8190dee627f9f4a85602d23f925046) Importer(815301076,1909f56bfc062723c751e8b465ee728b)  -> (artifact id: '1608a6c97fb6c1e4963bef58e1302645') in 0.032748 seconds
  Import took 0.035903 seconds .

========================================================================
Received Import Request.
  Time since last request: 0.000165 seconds.
  path: Assets/Prefabs/DataButton.prefab
  artifactKey: Guid(9dc158f47feac4a40915e24b7596b313) Importer(815301076,1909f56bfc062723c751e8b465ee728b)
Start importing Assets/Prefabs/DataButton.prefab using Guid(9dc158f47feac4a40915e24b7596b313) Importer(815301076,1909f56bfc062723c751e8b465ee728b)  -> (artifact id: '9d1424ff781e1d4c5c91569d99734437') in 0.038475 seconds
  Import took 0.041328 seconds .

========================================================================
Received Import Request.
  Time since last request: 0.000215 seconds.
  path: Assets/Prefabs/Image.prefab
  artifactKey: Guid(4609e5808788eac4984a61107395592d) Importer(815301076,1909f56bfc062723c751e8b465ee728b)
Start importing Assets/Prefabs/Image.prefab using Guid(4609e5808788eac4984a61107395592d) Importer(815301076,1909f56bfc062723c751e8b465ee728b)  -> (artifact id: '759300c4a9216277bb908541976e4801') in 0.026518 seconds
  Import took 0.033106 seconds .

========================================================================
Received Import Request.
  Time since last request: 0.000278 seconds.
  path: Assets/Prefabs/FileIcon.prefab
  artifactKey: Guid(3d6fb605b1da1cd42812edc8cdef1b23) Importer(815301076,1909f56bfc062723c751e8b465ee728b)
Start importing Assets/Prefabs/FileIcon.prefab using Guid(3d6fb605b1da1cd42812edc8cdef1b23) Importer(815301076,1909f56bfc062723c751e8b465ee728b)  -> (artifact id: 'eb244dad966860fcd09123337d3562b3') in 0.019471 seconds
  Import took 0.023792 seconds .

========================================================================
Received Import Request.
  Time since last request: 0.000083 seconds.
  path: Assets/Prefabs/Text.prefab
  artifactKey: Guid(ba0094456d8dfbb4899b419238360450) Importer(815301076,1909f56bfc062723c751e8b465ee728b)
Start importing Assets/Prefabs/Text.prefab using Guid(ba0094456d8dfbb4899b419238360450) Importer(815301076,1909f56bfc062723c751e8b465ee728b)  -> (artifact id: 'd2e4a2a7de001857e483d2aa1c2292c0') in 0.032405 seconds
  Import took 0.035691 seconds .

========================================================================
Received Import Request.
  Time since last request: 29.603263 seconds.
  path: Assets/Prefabs/DataButton.prefab
  artifactKey: Guid(9dc158f47feac4a40915e24b7596b313) Importer(815301076,1909f56bfc062723c751e8b465ee728b)
Start importing Assets/Prefabs/DataButton.prefab using Guid(9dc158f47feac4a40915e24b7596b313) Importer(815301076,1909f56bfc062723c751e8b465ee728b)  -> (artifact id: 'cba397cf448316b7899b3fccf4267671') in 0.011007 seconds
  Import took 0.016317 seconds .

========================================================================
Received Import Request.
  Time since last request: 0.550740 seconds.
  path: Assets/Prefabs/DataButton.prefab
  artifactKey: Guid(9dc158f47feac4a40915e24b7596b313) Importer(815301076,1909f56bfc062723c751e8b465ee728b)
Start importing Assets/Prefabs/DataButton.prefab using Guid(9dc158f47feac4a40915e24b7596b313) Importer(815301076,1909f56bfc062723c751e8b465ee728b)  -> (artifact id: '33108f6bc80b15533bcf3f26642f4320') in 0.006602 seconds
  Import took 0.012082 seconds .

========================================================================
Received Import Request.
  Time since last request: 81.563488 seconds.
  path: Assets/Prefabs/DataAddButton Variant.prefab
  artifactKey: Guid(ec24572d2ca46d6438bb5b39f6061be4) Importer(815301076,1909f56bfc062723c751e8b465ee728b)
Start importing Assets/Prefabs/DataAddButton Variant.prefab using Guid(ec24572d2ca46d6438bb5b39f6061be4) Importer(815301076,1909f56bfc062723c751e8b465ee728b)  -> (artifact id: '85967ec6d00ea7bd398f98bac1f48a7d') in 0.024839 seconds
  Import took 0.031484 seconds .

========================================================================
Received Import Request.
  Time since last request: 10.163829 seconds.
  path: Assets/Prefabs/DataAddButton Variant.prefab
  artifactKey: Guid(ec24572d2ca46d6438bb5b39f6061be4) Importer(815301076,1909f56bfc062723c751e8b465ee728b)
Start importing Assets/Prefabs/DataAddButton Variant.prefab using Guid(ec24572d2ca46d6438bb5b39f6061be4) Importer(815301076,1909f56bfc062723c751e8b465ee728b)  -> (artifact id: '2fa9ce8c8dbe5681fc2a1d9d2b78da90') in 0.013197 seconds
  Import took 0.016317 seconds .

========================================================================
Received Import Request.
  Time since last request: 0.797226 seconds.
  path: Assets/Prefabs/DataAddButton Variant.prefab
  artifactKey: Guid(ec24572d2ca46d6438bb5b39f6061be4) Importer(815301076,1909f56bfc062723c751e8b465ee728b)
Start importing Assets/Prefabs/DataAddButton Variant.prefab using Guid(ec24572d2ca46d6438bb5b39f6061be4) Importer(815301076,1909f56bfc062723c751e8b465ee728b)  -> (artifact id: 'f888cf73f811e075e9c21f4008cd0afb') in 0.008401 seconds
  Import took 0.012245 seconds .

========================================================================
Received Import Request.
  Time since last request: 18.270056 seconds.
  path: Assets/Prefabs/DataAddButton.prefab
  artifactKey: Guid(874f92c1697c61a43b2a81afff36a5c6) Importer(815301076,1909f56bfc062723c751e8b465ee728b)
Start importing Assets/Prefabs/DataAddButton.prefab using Guid(874f92c1697c61a43b2a81afff36a5c6) Importer(815301076,1909f56bfc062723c751e8b465ee728b)  -> (artifact id: '4756394f7c74cee62ecbbe6450800780') in 0.025930 seconds
  Import took 0.030501 seconds .

========================================================================
Received Import Request.
  Time since last request: 9.281727 seconds.
  path: Assets/Prefabs/DataAddButton.prefab
  artifactKey: Guid(874f92c1697c61a43b2a81afff36a5c6) Importer(815301076,1909f56bfc062723c751e8b465ee728b)
Start importing Assets/Prefabs/DataAddButton.prefab using Guid(874f92c1697c61a43b2a81afff36a5c6) Importer(815301076,1909f56bfc062723c751e8b465ee728b)  -> (artifact id: '03b55f9d0fdcabba0b59e2550999afff') in 0.015679 seconds
  Import took 0.022778 seconds .

========================================================================
Received Import Request.
  Time since last request: 0.591950 seconds.
  path: Assets/Prefabs/DataAddButton.prefab
  artifactKey: Guid(874f92c1697c61a43b2a81afff36a5c6) Importer(815301076,1909f56bfc062723c751e8b465ee728b)
Start importing Assets/Prefabs/DataAddButton.prefab using Guid(874f92c1697c61a43b2a81afff36a5c6) Importer(815301076,1909f56bfc062723c751e8b465ee728b)  -> (artifact id: '24819190fa4a9fd5cc5bf4eb764eaede') in 0.018529 seconds
  Import took 0.026439 seconds .

========================================================================
Received Import Request.
  Time since last request: 217.379608 seconds.
  path: Assets/Prefabs/Image.prefab
  artifactKey: Guid(4609e5808788eac4984a61107395592d) Importer(815301076,1909f56bfc062723c751e8b465ee728b)
Start importing Assets/Prefabs/Image.prefab using Guid(4609e5808788eac4984a61107395592d) Importer(815301076,1909f56bfc062723c751e8b465ee728b)  -> (artifact id: 'c00abed7d16c07187b5e19998d4276e1') in 0.028451 seconds
  Import took 0.036181 seconds .

========================================================================
Received Import Request.
  Time since last request: 33.773935 seconds.
  path: Assets/Prefabs/Image.prefab
  artifactKey: Guid(4609e5808788eac4984a61107395592d) Importer(815301076,1909f56bfc062723c751e8b465ee728b)
Start importing Assets/Prefabs/Image.prefab using Guid(4609e5808788eac4984a61107395592d) Importer(815301076,1909f56bfc062723c751e8b465ee728b)  -> (artifact id: 'e7e5845bfcebb12210e08a201264d3db') in 0.024664 seconds
  Import took 0.029636 seconds .

========================================================================
Received Prepare
Registering precompiled user dll's ...
Registered in 0.013128 seconds.
Begin MonoManager ReloadAssembly
Native extension for WindowsStandalone target not found
Refreshing native plugins compatible for Editor in 0.47 ms, found 2 plugins.
Preloading 0 native plugins for Editor in 0.00 ms.
Mono: successfully reloaded assembly
- Completed reload, in  2.926 seconds
Platform modules already initialized, skipping
Switching build target platform(19) subTarget(0) extendedPlatform(0) -> platform(13) subTarget(589824) extendedPlatform(0)
Refreshing native plugins compatible for Editor in 0.39 ms, found 2 plugins.
Preloading 0 native plugins for Editor in 0.00 ms.
Unloading 1434 Unused Serialized files (Serialized files now loaded: 0)
System memory in use before: 70.1 MB.
System memory in use after: 70.2 MB.

Unloading 17 unused Assets to reduce memory usage. Loaded Objects now: 1924.
Total: 2.606400 ms (FindLiveObjects: 0.210100 ms CreateObjectMapping: 0.050200 ms MarkObjects: 2.301900 ms  DeleteObjects: 0.042300 ms)

AssetImportParameters requested are different than current active one (requested -> active):
  custom:graphics/normal-map-encoding: 01000000000000000000000000000000 -> 02000000000000000000000000000000
========================================================================
Received Import Request.
  Time since last request: 2591.159902 seconds.
  path: Assets/Scenes/CreateBookScene.unity
  artifactKey: Guid(11bb840f461897e4b952ca7b91bc75e1) Importer(815301076,1909f56bfc062723c751e8b465ee728b)
Start importing Assets/Scenes/CreateBookScene.unity using Guid(11bb840f461897e4b952ca7b91bc75e1) Importer(815301076,1909f56bfc062723c751e8b465ee728b)  -> (artifact id: '51b7d6e1753dd02d7b74314e5f6111ef') in 0.027235 seconds
  Import took 0.030389 seconds .

========================================================================
Received Import Request.
  Time since last request: 17.012990 seconds.
  path: Assets/Scenes/BookScene.unity
  artifactKey: Guid(9fcee2c4ffb35bc48a6f43e9631313ac) Importer(815301076,1909f56bfc062723c751e8b465ee728b)
Start importing Assets/Scenes/BookScene.unity using Guid(9fcee2c4ffb35bc48a6f43e9631313ac) Importer(815301076,1909f56bfc062723c751e8b465ee728b)  -> (artifact id: 'ad558786d8e16bf07bb1e53e1965496c') in 0.017176 seconds
  Import took 0.020897 seconds .

========================================================================
Received Prepare
Registering precompiled user dll's ...
Registered in 0.004804 seconds.
Begin MonoManager ReloadAssembly
Native extension for WindowsStandalone target not found
Refreshing native plugins compatible for Editor in 0.38 ms, found 2 plugins.
Preloading 0 native plugins for Editor in 0.00 ms.
Mono: successfully reloaded assembly
- Completed reload, in  1.482 seconds
Platform modules already initialized, skipping
Switching build target platform(19) subTarget(0) extendedPlatform(0) -> platform(13) subTarget(589824) extendedPlatform(0)
Refreshing native plugins compatible for Editor in 0.37 ms, found 2 plugins.
Preloading 0 native plugins for Editor in 0.00 ms.
Unloading 1434 Unused Serialized files (Serialized files now loaded: 0)
System memory in use before: 70.1 MB.
System memory in use after: 70.2 MB.

Unloading 13 unused Assets to reduce memory usage. Loaded Objects now: 1927.
Total: 2.293200 ms (FindLiveObjects: 0.198000 ms CreateObjectMapping: 0.052000 ms MarkObjects: 2.021900 ms  DeleteObjects: 0.020200 ms)

AssetImportParameters requested are different than current active one (requested -> active):
  custom:graphics/normal-map-encoding: 01000000000000000000000000000000 -> 02000000000000000000000000000000
========================================================================
Received Prepare
Registering precompiled user dll's ...
Registered in 0.004434 seconds.
Begin MonoManager ReloadAssembly
Native extension for WindowsStandalone target not found
Refreshing native plugins compatible for Editor in 0.39 ms, found 2 plugins.
Preloading 0 native plugins for Editor in 0.00 ms.
Mono: successfully reloaded assembly
- Completed reload, in  1.918 seconds
Platform modules already initialized, skipping
Switching build target platform(19) subTarget(0) extendedPlatform(0) -> platform(13) subTarget(589824) extendedPlatform(0)
Refreshing native plugins compatible for Editor in 0.38 ms, found 2 plugins.
Preloading 0 native plugins for Editor in 0.00 ms.
Unloading 1434 Unused Serialized files (Serialized files now loaded: 0)
System memory in use before: 70.1 MB.
System memory in use after: 70.2 MB.

Unloading 13 unused Assets to reduce memory usage. Loaded Objects now: 1930.
Total: 2.613700 ms (FindLiveObjects: 0.206000 ms CreateObjectMapping: 0.044000 ms MarkObjects: 2.337000 ms  DeleteObjects: 0.024900 ms)

AssetImportParameters requested are different than current active one (requested -> active):
  custom:graphics/normal-map-encoding: 01000000000000000000000000000000 -> 02000000000000000000000000000000
========================================================================
Received Import Request.
  Time since last request: 508.153740 seconds.
  path: Assets/Scenes/BookScene.unity
  artifactKey: Guid(9fcee2c4ffb35bc48a6f43e9631313ac) Importer(815301076,1909f56bfc062723c751e8b465ee728b)
Start importing Assets/Scenes/BookScene.unity using Guid(9fcee2c4ffb35bc48a6f43e9631313ac) Importer(815301076,1909f56bfc062723c751e8b465ee728b)  -> (artifact id: 'deb92e11c5854978f8e03b7d01902480') in 0.034159 seconds
  Import took 0.041775 seconds .

========================================================================
Received Prepare
Registering precompiled user dll's ...
Registered in 0.005895 seconds.
Begin MonoManager ReloadAssembly
Native extension for WindowsStandalone target not found
Refreshing native plugins compatible for Editor in 0.41 ms, found 2 plugins.
Preloading 0 native plugins for Editor in 0.00 ms.
Mono: successfully reloaded assembly
- Completed reload, in  2.054 seconds
Platform modules already initialized, skipping
Switching build target platform(19) subTarget(0) extendedPlatform(0) -> platform(13) subTarget(589824) extendedPlatform(0)
Refreshing native plugins compatible for Editor in 0.39 ms, found 2 plugins.
Preloading 0 native plugins for Editor in 0.00 ms.
Unloading 1434 Unused Serialized files (Serialized files now loaded: 0)
System memory in use before: 70.1 MB.
System memory in use after: 70.2 MB.

Unloading 13 unused Assets to reduce memory usage. Loaded Objects now: 1933.
Total: 2.591200 ms (FindLiveObjects: 0.222400 ms CreateObjectMapping: 0.045300 ms MarkObjects: 2.292000 ms  DeleteObjects: 0.029700 ms)

AssetImportParameters requested are different than current active one (requested -> active):
  custom:graphics/normal-map-encoding: 01000000000000000000000000000000 -> 02000000000000000000000000000000
========================================================================
Received Import Request.
  Time since last request: 115.165511 seconds.
  path: Assets/Scenes/BookScene.unity
  artifactKey: Guid(9fcee2c4ffb35bc48a6f43e9631313ac) Importer(815301076,1909f56bfc062723c751e8b465ee728b)
Start importing Assets/Scenes/BookScene.unity using Guid(9fcee2c4ffb35bc48a6f43e9631313ac) Importer(815301076,1909f56bfc062723c751e8b465ee728b)  -> (artifact id: '11672e07cf718ff3f3172575c5b460f2') in 0.022770 seconds
  Import took 0.026821 seconds .

========================================================================
Received Prepare
Registering precompiled user dll's ...
Registered in 0.003747 seconds.
Begin MonoManager ReloadAssembly
Native extension for WindowsStandalone target not found
Refreshing native plugins compatible for Editor in 0.49 ms, found 2 plugins.
Preloading 0 native plugins for Editor in 0.00 ms.
Mono: successfully reloaded assembly
- Completed reload, in  2.177 seconds
Platform modules already initialized, skipping
Switching build target platform(19) subTarget(0) extendedPlatform(0) -> platform(13) subTarget(589824) extendedPlatform(0)
Refreshing native plugins compatible for Editor in 0.42 ms, found 2 plugins.
Preloading 0 native plugins for Editor in 0.00 ms.
Unloading 1434 Unused Serialized files (Serialized files now loaded: 0)
System memory in use before: 70.1 MB.
System memory in use after: 70.2 MB.

Unloading 13 unused Assets to reduce memory usage. Loaded Objects now: 1936.
Total: 2.474900 ms (FindLiveObjects: 0.206800 ms CreateObjectMapping: 0.047900 ms MarkObjects: 2.195000 ms  DeleteObjects: 0.023200 ms)

AssetImportParameters requested are different than current active one (requested -> active):
  custom:graphics/normal-map-encoding: 01000000000000000000000000000000 -> 02000000000000000000000000000000
========================================================================
Received Prepare
Registering precompiled user dll's ...
Registered in 0.006821 seconds.
Begin MonoManager ReloadAssembly
Native extension for WindowsStandalone target not found
Refreshing native plugins compatible for Editor in 0.40 ms, found 2 plugins.
Preloading 0 native plugins for Editor in 0.00 ms.
Mono: successfully reloaded assembly
- Completed reload, in  2.136 seconds
Platform modules already initialized, skipping
Switching build target platform(19) subTarget(0) extendedPlatform(0) -> platform(13) subTarget(589824) extendedPlatform(0)
Refreshing native plugins compatible for Editor in 0.41 ms, found 2 plugins.
Preloading 0 native plugins for Editor in 0.00 ms.
Unloading 1434 Unused Serialized files (Serialized files now loaded: 0)
System memory in use before: 70.1 MB.
System memory in use after: 70.2 MB.

Unloading 13 unused Assets to reduce memory usage. Loaded Objects now: 1939.
Total: 2.360600 ms (FindLiveObjects: 0.188700 ms CreateObjectMapping: 0.043800 ms MarkObjects: 2.101500 ms  DeleteObjects: 0.025300 ms)

AssetImportParameters requested are different than current active one (requested -> active):
  custom:graphics/normal-map-encoding: 01000000000000000000000000000000 -> 02000000000000000000000000000000
========================================================================
Received Import Request.
  Time since last request: 3577.583347 seconds.
  path: Assets/Editor
  artifactKey: Guid(43d04c4c186cb3e43a046eaaecf30128) Importer(815301076,1909f56bfc062723c751e8b465ee728b)
Start importing Assets/Editor using Guid(43d04c4c186cb3e43a046eaaecf30128) Importer(815301076,1909f56bfc062723c751e8b465ee728b)  -> (artifact id: '1b8c16d8978a553d5423b33452975f1e') in 0.042397 seconds
  Import took 0.046165 seconds .

========================================================================
Received Prepare
Registering precompiled user dll's ...
Registered in 0.006879 seconds.
Begin MonoManager ReloadAssembly
Native extension for WindowsStandalone target not found
Refreshing native plugins compatible for Editor in 0.55 ms, found 2 plugins.
Preloading 0 native plugins for Editor in 0.00 ms.
Mono: successfully reloaded assembly
- Completed reload, in  4.974 seconds
Platform modules already initialized, skipping
Switching build target platform(19) subTarget(0) extendedPlatform(0) -> platform(13) subTarget(589824) extendedPlatform(0)
Refreshing native plugins compatible for Editor in 1.06 ms, found 2 plugins.
Preloading 0 native plugins for Editor in 0.00 ms.
Unloading 1434 Unused Serialized files (Serialized files now loaded: 0)
System memory in use before: 70.1 MB.
System memory in use after: 70.2 MB.

Unloading 13 unused Assets to reduce memory usage. Loaded Objects now: 1942.
Total: 7.299600 ms (FindLiveObjects: 0.705400 ms CreateObjectMapping: 0.126900 ms MarkObjects: 6.435900 ms  DeleteObjects: 0.028300 ms)

AssetImportParameters requested are different than current active one (requested -> active):
  custom:graphics/normal-map-encoding: 01000000000000000000000000000000 -> 02000000000000000000000000000000
========================================================================
Received Import Request.
  Time since last request: 457.891605 seconds.
  path: Assets/Scenes/BookScene.unity
  artifactKey: Guid(9fcee2c4ffb35bc48a6f43e9631313ac) Importer(815301076,1909f56bfc062723c751e8b465ee728b)
Start importing Assets/Scenes/BookScene.unity using Guid(9fcee2c4ffb35bc48a6f43e9631313ac) Importer(815301076,1909f56bfc062723c751e8b465ee728b)  -> (artifact id: '591feaef0938da75916aaa90fe758ab5') in 0.021409 seconds
  Import took 0.033723 seconds .

========================================================================
Received Prepare
Registering precompiled user dll's ...
Registered in 0.004526 seconds.
Begin MonoManager ReloadAssembly
Native extension for WindowsStandalone target not found
Refreshing native plugins compatible for Editor in 0.40 ms, found 2 plugins.
Preloading 0 native plugins for Editor in 0.00 ms.
Mono: successfully reloaded assembly
- Completed reload, in  1.934 seconds
Platform modules already initialized, skipping
Switching build target platform(19) subTarget(0) extendedPlatform(0) -> platform(13) subTarget(589824) extendedPlatform(0)
Refreshing native plugins compatible for Editor in 0.35 ms, found 2 plugins.
Preloading 0 native plugins for Editor in 0.00 ms.
Unloading 1434 Unused Serialized files (Serialized files now loaded: 0)
System memory in use before: 70.1 MB.
System memory in use after: 70.3 MB.

Unloading 13 unused Assets to reduce memory usage. Loaded Objects now: 1945.
Total: 2.654300 ms (FindLiveObjects: 0.211900 ms CreateObjectMapping: 0.043500 ms MarkObjects: 2.371200 ms  DeleteObjects: 0.025700 ms)

AssetImportParameters requested are different than current active one (requested -> active):
  custom:graphics/normal-map-encoding: 01000000000000000000000000000000 -> 02000000000000000000000000000000
========================================================================
Received Import Request.
  Time since last request: 2331.522729 seconds.
  path: Assets/Plugins
  artifactKey: Guid(2f1cf256a58987f499cbef55d185dfc5) Importer(815301076,1909f56bfc062723c751e8b465ee728b)
Start importing Assets/Plugins using Guid(2f1cf256a58987f499cbef55d185dfc5) Importer(815301076,1909f56bfc062723c751e8b465ee728b)  -> (artifact id: '5e2494704df022033f5ad37316d1a6bb') in 0.019656 seconds
  Import took 0.023921 seconds .

========================================================================
Received Prepare
Registering precompiled user dll's ...
Registered in 0.003849 seconds.
Begin MonoManager ReloadAssembly
Native extension for WindowsStandalone target not found
Refreshing native plugins compatible for Editor in 0.39 ms, found 2 plugins.
Preloading 0 native plugins for Editor in 0.00 ms.
Mono: successfully reloaded assembly
- Completed reload, in  2.135 seconds
Platform modules already initialized, skipping
Switching build target platform(19) subTarget(0) extendedPlatform(0) -> platform(13) subTarget(589824) extendedPlatform(0)
Refreshing native plugins compatible for Editor in 0.37 ms, found 2 plugins.
Preloading 0 native plugins for Editor in 0.00 ms.
Unloading 1434 Unused Serialized files (Serialized files now loaded: 0)
System memory in use before: 70.2 MB.
System memory in use after: 70.3 MB.

Unloading 13 unused Assets to reduce memory usage. Loaded Objects now: 1948.
Total: 3.188600 ms (FindLiveObjects: 0.215700 ms CreateObjectMapping: 0.052800 ms MarkObjects: 2.884600 ms  DeleteObjects: 0.033600 ms)

AssetImportParameters requested are different than current active one (requested -> active):
  custom:graphics/normal-map-encoding: 01000000000000000000000000000000 -> 02000000000000000000000000000000
========================================================================
Received Prepare
Registering precompiled user dll's ...
Registered in 0.004684 seconds.
Begin MonoManager ReloadAssembly
Native extension for WindowsStandalone target not found
Refreshing native plugins compatible for Editor in 0.38 ms, found 2 plugins.
Preloading 0 native plugins for Editor in 0.00 ms.
Mono: successfully reloaded assembly
- Completed reload, in  1.597 seconds
Platform modules already initialized, skipping
Switching build target platform(19) subTarget(0) extendedPlatform(0) -> platform(13) subTarget(589824) extendedPlatform(0)
Refreshing native plugins compatible for Editor in 0.41 ms, found 2 plugins.
Preloading 0 native plugins for Editor in 0.00 ms.
Unloading 1434 Unused Serialized files (Serialized files now loaded: 0)
System memory in use before: 70.2 MB.
System memory in use after: 70.3 MB.

Unloading 13 unused Assets to reduce memory usage. Loaded Objects now: 1951.
Total: 2.404100 ms (FindLiveObjects: 0.200800 ms CreateObjectMapping: 0.043900 ms MarkObjects: 2.132800 ms  DeleteObjects: 0.024700 ms)

AssetImportParameters requested are different than current active one (requested -> active):
  custom:graphics/normal-map-encoding: 01000000000000000000000000000000 -> 02000000000000000000000000000000
========================================================================
Received Prepare
Registering precompiled user dll's ...
Registered in 0.021270 seconds.
Begin MonoManager ReloadAssembly
Native extension for WindowsStandalone target not found
Refreshing native plugins compatible for Editor in 0.43 ms, found 2 plugins.
Preloading 0 native plugins for Editor in 0.00 ms.
Mono: successfully reloaded assembly
- Completed reload, in  2.454 seconds
Platform modules already initialized, skipping
Switching build target platform(19) subTarget(0) extendedPlatform(0) -> platform(13) subTarget(589824) extendedPlatform(0)
Refreshing native plugins compatible for Editor in 0.81 ms, found 2 plugins.
Preloading 0 native plugins for Editor in 0.00 ms.
Unloading 1434 Unused Serialized files (Serialized files now loaded: 0)
System memory in use before: 70.2 MB.
System memory in use after: 70.3 MB.

Unloading 13 unused Assets to reduce memory usage. Loaded Objects now: 1954.
Total: 3.275400 ms (FindLiveObjects: 0.282200 ms CreateObjectMapping: 0.124700 ms MarkObjects: 2.831100 ms  DeleteObjects: 0.035200 ms)

AssetImportParameters requested are different than current active one (requested -> active):
  custom:graphics/normal-map-encoding: 01000000000000000000000000000000 -> 02000000000000000000000000000000
========================================================================
Received Prepare
Registering precompiled user dll's ...
Registered in 0.003877 seconds.
Begin MonoManager ReloadAssembly
Native extension for WindowsStandalone target not found
Refreshing native plugins compatible for Editor in 0.39 ms, found 2 plugins.
Preloading 0 native plugins for Editor in 0.00 ms.
Mono: successfully reloaded assembly
- Completed reload, in  1.798 seconds
Platform modules already initialized, skipping
Switching build target platform(19) subTarget(0) extendedPlatform(0) -> platform(13) subTarget(589824) extendedPlatform(0)
Refreshing native plugins compatible for Editor in 0.39 ms, found 2 plugins.
Preloading 0 native plugins for Editor in 0.00 ms.
Unloading 1434 Unused Serialized files (Serialized files now loaded: 0)
System memory in use before: 70.2 MB.
System memory in use after: 70.3 MB.

Unloading 13 unused Assets to reduce memory usage. Loaded Objects now: 1957.
Total: 2.441500 ms (FindLiveObjects: 0.203800 ms CreateObjectMapping: 0.044700 ms MarkObjects: 2.165800 ms  DeleteObjects: 0.025000 ms)

AssetImportParameters requested are different than current active one (requested -> active):
  custom:graphics/normal-map-encoding: 01000000000000000000000000000000 -> 02000000000000000000000000000000
========================================================================
Received Prepare
Registering precompiled user dll's ...
Registered in 0.003413 seconds.
Begin MonoManager ReloadAssembly
Native extension for WindowsStandalone target not found
Refreshing native plugins compatible for Editor in 0.39 ms, found 2 plugins.
Preloading 0 native plugins for Editor in 0.00 ms.
Mono: successfully reloaded assembly
- Completed reload, in  1.639 seconds
Platform modules already initialized, skipping
Switching build target platform(19) subTarget(0) extendedPlatform(0) -> platform(13) subTarget(589824) extendedPlatform(0)
Refreshing native plugins compatible for Editor in 0.42 ms, found 2 plugins.
Preloading 0 native plugins for Editor in 0.00 ms.
Unloading 1434 Unused Serialized files (Serialized files now loaded: 0)
System memory in use before: 70.2 MB.
System memory in use after: 70.3 MB.

Unloading 13 unused Assets to reduce memory usage. Loaded Objects now: 1960.
Total: 2.895200 ms (FindLiveObjects: 0.335300 ms CreateObjectMapping: 0.082000 ms MarkObjects: 2.448500 ms  DeleteObjects: 0.027600 ms)

AssetImportParameters requested are different than current active one (requested -> active):
  custom:graphics/normal-map-encoding: 01000000000000000000000000000000 -> 02000000000000000000000000000000
========================================================================
Received Prepare
Registering precompiled user dll's ...
Registered in 0.007500 seconds.
Begin MonoManager ReloadAssembly
Native extension for WindowsStandalone target not found
Refreshing native plugins compatible for Editor in 0.73 ms, found 2 plugins.
Preloading 0 native plugins for Editor in 0.00 ms.
Mono: successfully reloaded assembly
- Completed reload, in  3.531 seconds
Platform modules already initialized, skipping
Switching build target platform(19) subTarget(0) extendedPlatform(0) -> platform(13) subTarget(589824) extendedPlatform(0)
Refreshing native plugins compatible for Editor in 0.52 ms, found 2 plugins.
Preloading 0 native plugins for Editor in 0.00 ms.
Unloading 1434 Unused Serialized files (Serialized files now loaded: 0)
System memory in use before: 70.2 MB.
System memory in use after: 70.3 MB.

Unloading 13 unused Assets to reduce memory usage. Loaded Objects now: 1963.
Total: 3.300200 ms (FindLiveObjects: 0.222000 ms CreateObjectMapping: 0.059700 ms MarkObjects: 2.974300 ms  DeleteObjects: 0.042200 ms)

AssetImportParameters requested are different than current active one (requested -> active):
  custom:graphics/normal-map-encoding: 01000000000000000000000000000000 -> 02000000000000000000000000000000
========================================================================
Received Prepare
Registering precompiled user dll's ...
Registered in 0.022193 seconds.
Begin MonoManager ReloadAssembly
Native extension for WindowsStandalone target not found
Refreshing native plugins compatible for Editor in 0.62 ms, found 2 plugins.
Preloading 0 native plugins for Editor in 0.00 ms.
Mono: successfully reloaded assembly
- Completed reload, in  2.818 seconds
Platform modules already initialized, skipping
Switching build target platform(19) subTarget(0) extendedPlatform(0) -> platform(13) subTarget(589824) extendedPlatform(0)
Refreshing native plugins compatible for Editor in 0.39 ms, found 2 plugins.
Preloading 0 native plugins for Editor in 0.00 ms.
Unloading 1434 Unused Serialized files (Serialized files now loaded: 0)
System memory in use before: 70.2 MB.
System memory in use after: 70.3 MB.

Unloading 13 unused Assets to reduce memory usage. Loaded Objects now: 1966.
Total: 3.047700 ms (FindLiveObjects: 0.196000 ms CreateObjectMapping: 0.044700 ms MarkObjects: 2.688500 ms  DeleteObjects: 0.116800 ms)

AssetImportParameters requested are different than current active one (requested -> active):
  custom:graphics/normal-map-encoding: 01000000000000000000000000000000 -> 02000000000000000000000000000000
========================================================================
Received Prepare
Registering precompiled user dll's ...
Registered in 0.004324 seconds.
Begin MonoManager ReloadAssembly
Native extension for WindowsStandalone target not found
Refreshing native plugins compatible for Editor in 0.38 ms, found 2 plugins.
Preloading 0 native plugins for Editor in 0.00 ms.
Mono: successfully reloaded assembly
- Completed reload, in  1.862 seconds
Platform modules already initialized, skipping
Switching build target platform(19) subTarget(0) extendedPlatform(0) -> platform(13) subTarget(589824) extendedPlatform(0)
Refreshing native plugins compatible for Editor in 0.38 ms, found 2 plugins.
Preloading 0 native plugins for Editor in 0.00 ms.
Unloading 1434 Unused Serialized files (Serialized files now loaded: 0)
System memory in use before: 70.2 MB.
System memory in use after: 70.3 MB.

Unloading 13 unused Assets to reduce memory usage. Loaded Objects now: 1969.
Total: 2.772400 ms (FindLiveObjects: 0.200300 ms CreateObjectMapping: 0.044100 ms MarkObjects: 2.457400 ms  DeleteObjects: 0.068200 ms)

AssetImportParameters requested are different than current active one (requested -> active):
  custom:graphics/normal-map-encoding: 01000000000000000000000000000000 -> 02000000000000000000000000000000
========================================================================
Received Prepare
Registering precompiled user dll's ...
Registered in 0.008358 seconds.
Begin MonoManager ReloadAssembly
Native extension for WindowsStandalone target not found
Refreshing native plugins compatible for Editor in 0.39 ms, found 2 plugins.
Preloading 0 native plugins for Editor in 0.00 ms.
Mono: successfully reloaded assembly
- Completed reload, in  5.138 seconds
Platform modules already initialized, skipping
Switching build target platform(19) subTarget(0) extendedPlatform(0) -> platform(13) subTarget(589824) extendedPlatform(0)
Refreshing native plugins compatible for Editor in 0.50 ms, found 2 plugins.
Preloading 0 native plugins for Editor in 0.00 ms.
Unloading 1434 Unused Serialized files (Serialized files now loaded: 0)
System memory in use before: 70.2 MB.
System memory in use after: 70.3 MB.

Unloading 13 unused Assets to reduce memory usage. Loaded Objects now: 1972.
Total: 31.215400 ms (FindLiveObjects: 1.816100 ms CreateObjectMapping: 0.103600 ms MarkObjects: 29.259300 ms  DeleteObjects: 0.034000 ms)

AssetImportParameters requested are different than current active one (requested -> active):
  custom:graphics/normal-map-encoding: 01000000000000000000000000000000 -> 02000000000000000000000000000000
========================================================================
Received Import Request.
  Time since last request: 17973.742188 seconds.
  path: Assets/Scenes/CatalogScene.unity
  artifactKey: Guid(160e584022d5c5e4fa0a45d4e78c6404) Importer(815301076,1909f56bfc062723c751e8b465ee728b)
Start importing Assets/Scenes/CatalogScene.unity using Guid(160e584022d5c5e4fa0a45d4e78c6404) Importer(815301076,1909f56bfc062723c751e8b465ee728b)  -> (artifact id: '8d829eef2142058af16215fc19902717') in 0.178902 seconds
  Import took 0.198396 seconds .

========================================================================
Received Prepare
Registering precompiled user dll's ...
Registered in 0.026215 seconds.
Begin MonoManager ReloadAssembly
Native extension for WindowsStandalone target not found
Refreshing native plugins compatible for Editor in 0.39 ms, found 2 plugins.
Preloading 0 native plugins for Editor in 0.00 ms.
Mono: successfully reloaded assembly
- Completed reload, in  2.008 seconds
Platform modules already initialized, skipping
Switching build target platform(19) subTarget(0) extendedPlatform(0) -> platform(13) subTarget(589824) extendedPlatform(0)
Refreshing native plugins compatible for Editor in 0.43 ms, found 2 plugins.
Preloading 0 native plugins for Editor in 0.00 ms.
Unloading 1434 Unused Serialized files (Serialized files now loaded: 0)
System memory in use before: 70.2 MB.
System memory in use after: 70.3 MB.

Unloading 13 unused Assets to reduce memory usage. Loaded Objects now: 1975.
Total: 3.010200 ms (FindLiveObjects: 0.205800 ms CreateObjectMapping: 0.046900 ms MarkObjects: 2.730400 ms  DeleteObjects: 0.025600 ms)

AssetImportParameters requested are different than current active one (requested -> active):
  custom:graphics/normal-map-encoding: 01000000000000000000000000000000 -> 02000000000000000000000000000000
========================================================================
Received Prepare
Registering precompiled user dll's ...
Registered in 0.003703 seconds.
Begin MonoManager ReloadAssembly
Native extension for WindowsStandalone target not found
Refreshing native plugins compatible for Editor in 0.50 ms, found 2 plugins.
Preloading 0 native plugins for Editor in 0.00 ms.
Mono: successfully reloaded assembly
- Completed reload, in  1.778 seconds
Platform modules already initialized, skipping
Switching build target platform(19) subTarget(0) extendedPlatform(0) -> platform(13) subTarget(589824) extendedPlatform(0)
Refreshing native plugins compatible for Editor in 0.38 ms, found 2 plugins.
Preloading 0 native plugins for Editor in 0.00 ms.
Unloading 1434 Unused Serialized files (Serialized files now loaded: 0)
System memory in use before: 70.2 MB.
System memory in use after: 70.3 MB.

Unloading 13 unused Assets to reduce memory usage. Loaded Objects now: 1978.
Total: 3.346300 ms (FindLiveObjects: 0.369200 ms CreateObjectMapping: 0.672700 ms MarkObjects: 2.272800 ms  DeleteObjects: 0.027100 ms)

AssetImportParameters requested are different than current active one (requested -> active):
  custom:graphics/normal-map-encoding: 01000000000000000000000000000000 -> 02000000000000000000000000000000
========================================================================
Received Import Request.
  Time since last request: 195.331589 seconds.
  path: Assets/Scenes/CatalogScene.unity
  artifactKey: Guid(160e584022d5c5e4fa0a45d4e78c6404) Importer(815301076,1909f56bfc062723c751e8b465ee728b)
Start importing Assets/Scenes/CatalogScene.unity using Guid(160e584022d5c5e4fa0a45d4e78c6404) Importer(815301076,1909f56bfc062723c751e8b465ee728b)  -> (artifact id: '72598c9223c122adeaa47c78c20cea69') in 0.025373 seconds
  Import took 0.029091 seconds .

========================================================================
Received Prepare
Registering precompiled user dll's ...
Registered in 0.007923 seconds.
Begin MonoManager ReloadAssembly
Native extension for WindowsStandalone target not found
Refreshing native plugins compatible for Editor in 0.40 ms, found 2 plugins.
Preloading 0 native plugins for Editor in 0.00 ms.
Mono: successfully reloaded assembly
- Completed reload, in  2.584 seconds
Platform modules already initialized, skipping
Switching build target platform(19) subTarget(0) extendedPlatform(0) -> platform(13) subTarget(589824) extendedPlatform(0)
Refreshing native plugins compatible for Editor in 0.39 ms, found 2 plugins.
Preloading 0 native plugins for Editor in 0.00 ms.
Unloading 1434 Unused Serialized files (Serialized files now loaded: 0)
System memory in use before: 70.2 MB.
System memory in use after: 70.3 MB.

Unloading 13 unused Assets to reduce memory usage. Loaded Objects now: 1981.
Total: 2.406600 ms (FindLiveObjects: 0.235000 ms CreateObjectMapping: 0.046400 ms MarkObjects: 2.095400 ms  DeleteObjects: 0.027100 ms)

AssetImportParameters requested are different than current active one (requested -> active):
  custom:graphics/normal-map-encoding: 01000000000000000000000000000000 -> 02000000000000000000000000000000
========================================================================
Received Prepare
Registering precompiled user dll's ...
Registered in 0.005172 seconds.
Begin MonoManager ReloadAssembly
Native extension for WindowsStandalone target not found
Refreshing native plugins compatible for Editor in 0.44 ms, found 2 plugins.
Preloading 0 native plugins for Editor in 0.00 ms.
Mono: successfully reloaded assembly
- Completed reload, in  2.587 seconds
Platform modules already initialized, skipping
Switching build target platform(19) subTarget(0) extendedPlatform(0) -> platform(13) subTarget(589824) extendedPlatform(0)
Refreshing native plugins compatible for Editor in 0.43 ms, found 2 plugins.
Preloading 0 native plugins for Editor in 0.00 ms.
Unloading 1434 Unused Serialized files (Serialized files now loaded: 0)
System memory in use before: 70.2 MB.
System memory in use after: 70.3 MB.

Unloading 13 unused Assets to reduce memory usage. Loaded Objects now: 1984.
Total: 3.184300 ms (FindLiveObjects: 0.219900 ms CreateObjectMapping: 0.044800 ms MarkObjects: 2.891700 ms  DeleteObjects: 0.025600 ms)

AssetImportParameters requested are different than current active one (requested -> active):
  custom:graphics/normal-map-encoding: 01000000000000000000000000000000 -> 02000000000000000000000000000000
========================================================================
Received Prepare
Registering precompiled user dll's ...
Registered in 0.010438 seconds.
Begin MonoManager ReloadAssembly
Native extension for WindowsStandalone target not found
Refreshing native plugins compatible for Editor in 0.40 ms, found 2 plugins.
Preloading 0 native plugins for Editor in 0.00 ms.
Mono: successfully reloaded assembly
- Completed reload, in  1.882 seconds
Platform modules already initialized, skipping
Switching build target platform(19) subTarget(0) extendedPlatform(0) -> platform(13) subTarget(589824) extendedPlatform(0)
Refreshing native plugins compatible for Editor in 0.63 ms, found 2 plugins.
Preloading 0 native plugins for Editor in 0.00 ms.
Unloading 1434 Unused Serialized files (Serialized files now loaded: 0)
System memory in use before: 70.2 MB.
System memory in use after: 70.3 MB.

Unloading 13 unused Assets to reduce memory usage. Loaded Objects now: 1987.
Total: 2.752700 ms (FindLiveObjects: 0.394100 ms CreateObjectMapping: 0.045900 ms MarkObjects: 2.283100 ms  DeleteObjects: 0.027100 ms)

AssetImportParameters requested are different than current active one (requested -> active):
  custom:graphics/normal-map-encoding: 01000000000000000000000000000000 -> 02000000000000000000000000000000
========================================================================
Received Prepare
Registering precompiled user dll's ...
Registered in 0.006069 seconds.
Begin MonoManager ReloadAssembly
Native extension for WindowsStandalone target not found
Refreshing native plugins compatible for Editor in 0.39 ms, found 2 plugins.
Preloading 0 native plugins for Editor in 0.00 ms.
Mono: successfully reloaded assembly
- Completed reload, in  1.924 seconds
Platform modules already initialized, skipping
Switching build target platform(19) subTarget(0) extendedPlatform(0) -> platform(13) subTarget(589824) extendedPlatform(0)
Refreshing native plugins compatible for Editor in 0.45 ms, found 2 plugins.
Preloading 0 native plugins for Editor in 0.00 ms.
Unloading 1434 Unused Serialized files (Serialized files now loaded: 0)
System memory in use before: 70.2 MB.
System memory in use after: 70.3 MB.

Unloading 13 unused Assets to reduce memory usage. Loaded Objects now: 1990.
Total: 6.522000 ms (FindLiveObjects: 0.410800 ms CreateObjectMapping: 0.055300 ms MarkObjects: 6.027300 ms  DeleteObjects: 0.026100 ms)

AssetImportParameters requested are different than current active one (requested -> active):
  custom:graphics/normal-map-encoding: 01000000000000000000000000000000 -> 02000000000000000000000000000000
========================================================================
Received Prepare
Registering precompiled user dll's ...
Registered in 0.004237 seconds.
Begin MonoManager ReloadAssembly
Native extension for WindowsStandalone target not found
Refreshing native plugins compatible for Editor in 0.38 ms, found 2 plugins.
Preloading 0 native plugins for Editor in 0.00 ms.
Mono: successfully reloaded assembly
- Completed reload, in  3.504 seconds
Platform modules already initialized, skipping
Switching build target platform(19) subTarget(0) extendedPlatform(0) -> platform(13) subTarget(589824) extendedPlatform(0)
Refreshing native plugins compatible for Editor in 4.53 ms, found 2 plugins.
Preloading 0 native plugins for Editor in 0.00 ms.
Unloading 1434 Unused Serialized files (Serialized files now loaded: 0)
System memory in use before: 70.2 MB.
System memory in use after: 70.4 MB.

Unloading 13 unused Assets to reduce memory usage. Loaded Objects now: 1993.
Total: 2.993400 ms (FindLiveObjects: 0.211800 ms CreateObjectMapping: 0.046400 ms MarkObjects: 2.696300 ms  DeleteObjects: 0.030600 ms)

AssetImportParameters requested are different than current active one (requested -> active):
  custom:graphics/normal-map-encoding: 01000000000000000000000000000000 -> 02000000000000000000000000000000
========================================================================
Received Prepare
Refreshing native plugins compatible for Editor in 3.57 ms, found 2 plugins.
Preloading 0 native plugins for Editor in 0.00 ms.
Unloading 11 Unused Serialized files (Serialized files now loaded: 0)
System memory in use before: 42.1 MB.
System memory in use after: 42.3 MB.

Unloading 11 unused Assets to reduce memory usage. Loaded Objects now: 1993.
Total: 14.359800 ms (FindLiveObjects: 0.205100 ms CreateObjectMapping: 0.058100 ms MarkObjects: 14.077300 ms  DeleteObjects: 0.017100 ms)

AssetImportWorkerClient::OnTransportError - code=2 error=End of file
